  Graphing Calculator.cpp
C:\Users\Administrator\Documents\Software Development 3&4\Programming Practice\Graphing Calculator\Graphing Calculator.cpp(249,23): warning C4244: 'initializing': conversion from 'double' to 'int', possible loss of data
C:\Users\Administrator\Documents\Software Development 3&4\Programming Practice\Graphing Calculator\Graphing Calculator.cpp(258,23): warning C4244: 'initializing': conversion from 'double' to 'int', possible loss of data
C:\Program Files\Microsoft Visual Studio\2022\Community\VC\Tools\MSVC\14.39.33519\include\xutility(4537,18): warning C4244: '=': conversion from 'wchar_t' to 'char', possible loss of data
  (compiling source file 'Graphing%20Calculator.cpp')
  C:\Program Files\Microsoft Visual Studio\2022\Community\VC\Tools\MSVC\14.39.33519\include\xutility(4537,18):
  the template instantiation context (the oldest one first) is
  	C:\Users\Administrator\Documents\Software Development 3&4\Programming Practice\Graphing Calculator\Graphing Calculator.cpp(223,31):
  	see reference to function template instantiation 'std::basic_string<char,std::char_traits<char>,std::allocator<char>>::basic_string<std::_String_iterator<std::_String_val<std::_Simple_types<_Elem>>>,0>(_Iter,_Iter,const _Alloc &)' being compiled
          with
          [
              _Elem=wchar_t,
              _Iter=std::_String_iterator<std::_String_val<std::_Simple_types<wchar_t>>>,
              _Alloc=std::allocator<char>
          ]
  		C:\Users\Administrator\Documents\Software Development 3&4\Programming Practice\Graphing Calculator\Graphing Calculator.cpp(223,31):
  		see the first reference to 'std::basic_string<char,std::char_traits<char>,std::allocator<char>>::basic_string' in 'WindowProc'
  	C:\Program Files\Microsoft Visual Studio\2022\Community\VC\Tools\MSVC\14.39.33519\include\xstring(2600,17):
  	see reference to function template instantiation 'void std::basic_string<char,std::char_traits<char>,std::allocator<char>>::_Construct_from_iter<wchar_t*,wchar_t*,_Size_type>(_Iter,const _Sent,_Size)' being compiled
          with
          [
              _Size_type=unsigned int,
              _Iter=wchar_t *,
              _Sent=wchar_t *,
              _Size=unsigned int
          ]
  	C:\Program Files\Microsoft Visual Studio\2022\Community\VC\Tools\MSVC\14.39.33519\include\xstring(2756,18):
  	see reference to function template instantiation '_OutIt *std::_Copy_n_unchecked4<wchar_t*,_Size,char*>(_InIt,_SizeTy,_OutIt)' being compiled
          with
          [
              _OutIt=char *,
              _Size=unsigned int,
              _InIt=wchar_t *,
              _SizeTy=unsigned int
          ]
  
  Generating code
  Previous IPDB not found, fall back to full compilation.
  All 139 functions were compiled because no usable IPDB/IOBJ from previous compilation was found.
  Finished generating code
  Graphing Calculator.vcxproj -> C:\Users\Administrator\Documents\Software Development 3&4\Programming Practice\Graphing Calculator\Release\Graphing Calculator.exe
