  Library Borrowing System.cpp
C:\Users\Administrator\Documents\Software Development 3&4\SAT\Development\Library Borrowing System\Library Borrowing System.cpp(1456,27): warning C4018: '<': signed/unsigned mismatch
C:\Users\Administrator\Documents\Software Development 3&4\SAT\Development\Library Borrowing System\Library Borrowing System.cpp(1559,35): warning C4018: '<': signed/unsigned mismatch
C:\Users\Administrator\Documents\Software Development 3&4\SAT\Development\Library Borrowing System\Library Borrowing System.cpp(1585,25): warning C4018: '<': signed/unsigned mismatch
C:\Users\Administrator\Documents\Software Development 3&4\SAT\Development\Library Borrowing System\Library Borrowing System.cpp(1588,35): warning C4018: '<': signed/unsigned mismatch
C:\Users\Administrator\Documents\Software Development 3&4\SAT\Development\Library Borrowing System\Library Borrowing System.cpp(1589,43): warning C4018: '>=': signed/unsigned mismatch
C:\Users\Administrator\Documents\Software Development 3&4\SAT\Development\Library Borrowing System\Library Borrowing System.cpp(1642,35): warning C4018: '<': signed/unsigned mismatch
C:\Users\Administrator\Documents\Software Development 3&4\SAT\Development\Library Borrowing System\Library Borrowing System.cpp(1656,39): warning C4018: '<': signed/unsigned mismatch
C:\Users\Administrator\Documents\Software Development 3&4\SAT\Development\Library Borrowing System\Library Borrowing System.cpp(1670,39): warning C4018: '<': signed/unsigned mismatch
C:\Users\Administrator\Documents\Software Development 3&4\SAT\Development\Library Borrowing System\Library Borrowing System.cpp(1684,39): warning C4018: '<': signed/unsigned mismatch
C:\Program Files\Microsoft Visual Studio\2022\Community\VC\Tools\MSVC\14.39.33519\include\xutility(4537,18): warning C4244: '=': conversion from 'wchar_t' to 'char', possible loss of data
  (compiling source file 'Library%20Borrowing%20System.cpp')
  C:\Program Files\Microsoft Visual Studio\2022\Community\VC\Tools\MSVC\14.39.33519\include\xutility(4537,18):
  the template instantiation context (the oldest one first) is
  	C:\Users\Administrator\Documents\Software Development 3&4\SAT\Development\Library Borrowing System\Library Borrowing System.cpp(434,46):
  	see reference to function template instantiation 'std::basic_string<char,std::char_traits<char>,std::allocator<char>>::basic_string<std::_String_iterator<std::_String_val<std::_Simple_types<_Elem>>>,0>(_Iter,_Iter,const _Alloc &)' being compiled
          with
          [
              _Elem=wchar_t,
              _Iter=std::_String_iterator<std::_String_val<std::_Simple_types<wchar_t>>>,
              _Alloc=std::allocator<char>
          ]
  		C:\Users\Administrator\Documents\Software Development 3&4\SAT\Development\Library Borrowing System\Library Borrowing System.cpp(434,33):
  		see the first reference to 'std::basic_string<char,std::char_traits<char>,std::allocator<char>>::basic_string' in 'WindowProc'
  	C:\Program Files\Microsoft Visual Studio\2022\Community\VC\Tools\MSVC\14.39.33519\include\xstring(2600,17):
  	see reference to function template instantiation 'void std::basic_string<char,std::char_traits<char>,std::allocator<char>>::_Construct_from_iter<wchar_t*,wchar_t*,_Size_type>(_Iter,const _Sent,_Size)' being compiled
          with
          [
              _Size_type=unsigned int,
              _Iter=wchar_t *,
              _Sent=wchar_t *,
              _Size=unsigned int
          ]
  	C:\Program Files\Microsoft Visual Studio\2022\Community\VC\Tools\MSVC\14.39.33519\include\xstring(2756,18):
  	see reference to function template instantiation '_OutIt *std::_Copy_n_unchecked4<wchar_t*,_Size,char*>(_InIt,_SizeTy,_OutIt)' being compiled
          with
          [
              _OutIt=char *,
              _Size=unsigned int,
              _InIt=wchar_t *,
              _SizeTy=unsigned int
          ]
  
C:\Users\Administrator\Documents\Software Development 3&4\SAT\Development\Library Borrowing System\SearchFunctions.h(212,1): warning C4715: 'EmailSearch': not all control paths return a value
  Library Borrowing System.vcxproj -> C:\Users\Administrator\Documents\Software Development 3&4\SAT\Development\Library Borrowing System\Debug\Library Borrowing System.exe
