  Library Borrowing System.cpp
C:\Users\FOR0015\OneDrive - Melbourne High School\Software Development 3&4\SAT\Development\Library Borrowing System\Library Borrowing System.cpp(1456,27): warning C4018: '<': signed/unsigned mismatch
C:\Users\FOR0015\OneDrive - Melbourne High School\Software Development 3&4\SAT\Development\Library Borrowing System\Library Borrowing System.cpp(1559,35): warning C4018: '<': signed/unsigned mismatch
C:\Users\FOR0015\OneDrive - Melbourne High School\Software Development 3&4\SAT\Development\Library Borrowing System\Library Borrowing System.cpp(1585,25): warning C4018: '<': signed/unsigned mismatch
C:\Users\FOR0015\OneDrive - Melbourne High School\Software Development 3&4\SAT\Development\Library Borrowing System\Library Borrowing System.cpp(1588,35): warning C4018: '<': signed/unsigned mismatch
C:\Users\FOR0015\OneDrive - Melbourne High School\Software Development 3&4\SAT\Development\Library Borrowing System\Library Borrowing System.cpp(1589,43): warning C4018: '>=': signed/unsigned mismatch
C:\Users\FOR0015\OneDrive - Melbourne High School\Software Development 3&4\SAT\Development\Library Borrowing System\Library Borrowing System.cpp(1642,35): warning C4018: '<': signed/unsigned mismatch
C:\Users\FOR0015\OneDrive - Melbourne High School\Software Development 3&4\SAT\Development\Library Borrowing System\Library Borrowing System.cpp(1656,39): warning C4018: '<': signed/unsigned mismatch
C:\Users\FOR0015\OneDrive - Melbourne High School\Software Development 3&4\SAT\Development\Library Borrowing System\Library Borrowing System.cpp(1670,39): warning C4018: '<': signed/unsigned mismatch
C:\Users\FOR0015\OneDrive - Melbourne High School\Software Development 3&4\SAT\Development\Library Borrowing System\Library Borrowing System.cpp(1684,39): warning C4018: '<': signed/unsigned mismatch
C:\Program Files\Microsoft Visual Studio\2022\Community\VC\Tools\MSVC\14.30.30705\include\xstring(2588,23): warning C4244: 'argument': conversion from 'wchar_t' to 'const _Elem', possible loss of data
          with
          [
              _Elem=char
          ]
C:\Program Files\Microsoft Visual Studio\2022\Community\VC\Tools\MSVC\14.30.30705\include\xstring(2599): message : see reference to function template instantiation 'void std::basic_string<char,std::char_traits<char>,std::allocator<char>>::_Construct<wchar_t*>(_Iter,const _Iter,std::input_iterator_tag)' being compiled
          with
          [
              _Iter=wchar_t *
          ]
C:\Program Files\Microsoft Visual Studio\2022\Community\VC\Tools\MSVC\14.30.30705\include\xstring(2599): message : see reference to function template instantiation 'void std::basic_string<char,std::char_traits<char>,std::allocator<char>>::_Construct<wchar_t*>(_Iter,const _Iter,std::input_iterator_tag)' being compiled
          with
          [
              _Iter=wchar_t *
          ]
C:\Program Files\Microsoft Visual Studio\2022\Community\VC\Tools\MSVC\14.30.30705\include\xstring(2579): message : see reference to function template instantiation 'void std::basic_string<char,std::char_traits<char>,std::allocator<char>>::_Construct<wchar_t*>(const _Iter,const _Iter,std::forward_iterator_tag)' being compiled
          with
          [
              _Iter=wchar_t *
          ]
C:\Program Files\Microsoft Visual Studio\2022\Community\VC\Tools\MSVC\14.30.30705\include\xstring(2579): message : see reference to function template instantiation 'void std::basic_string<char,std::char_traits<char>,std::allocator<char>>::_Construct<wchar_t*>(const _Iter,const _Iter,std::forward_iterator_tag)' being compiled
          with
          [
              _Iter=wchar_t *
          ]
C:\Users\FOR0015\OneDrive - Melbourne High School\Software Development 3&4\SAT\Development\Library Borrowing System\Library Borrowing System.cpp(434): message : see reference to function template instantiation 'std::basic_string<char,std::char_traits<char>,std::allocator<char>>::basic_string<std::_String_iterator<std::_String_val<std::_Simple_types<_Elem>>>,0>(_Iter,_Iter,const _Alloc &)' being compiled
          with
          [
              _Elem=wchar_t,
              _Iter=std::_String_iterator<std::_String_val<std::_Simple_types<wchar_t>>>,
              _Alloc=std::allocator<char>
          ]
C:\Users\FOR0015\OneDrive - Melbourne High School\Software Development 3&4\SAT\Development\Library Borrowing System\Library Borrowing System.cpp(434): message : see reference to function template instantiation 'std::basic_string<char,std::char_traits<char>,std::allocator<char>>::basic_string<std::_String_iterator<std::_String_val<std::_Simple_types<_Elem>>>,0>(_Iter,_Iter,const _Alloc &)' being compiled
          with
          [
              _Elem=wchar_t,
              _Iter=std::_String_iterator<std::_String_val<std::_Simple_types<wchar_t>>>,
              _Alloc=std::allocator<char>
          ]
C:\Users\FOR0015\OneDrive - Melbourne High School\Software Development 3&4\SAT\Development\Library Borrowing System\SearchFunctions.h(212): warning C4715: 'EmailSearch': not all control paths return a value
  Library Borrowing System.vcxproj -> C:\Users\FOR0015\OneDrive - Melbourne High School\Software Development 3&4\SAT\Development\Library Borrowing System\Debug\Library Borrowing System.exe
